<?xml version="1.0" encoding="UTF-8"?>
<!-- Generated by org.testng.reporters.JUnitReportReporter -->
<testsuite hostname="DESKTOP-I7F9COV" failures="0" tests="1" name="swa.practo.FindDoctorsNow" time="14.418" errors="0" timestamp="2021-04-23T16:24:00 IST" skipped="0">
  <testcase classname="swa.practo.FindDoctorsNow" name="clickOnFindDoctorsNOw" time="14.418"/>
  <system-out/>
</testsuite> <!-- swa.practo.FindDoctorsNow -->
