<?xml version="1.0" encoding="UTF-8"?>
<!-- Generated by org.testng.reporters.JUnitReportReporter -->
<testsuite skipped="0" hostname="DESKTOP-I7QI4F5" name="swa.practo.AppTest" tests="1" failures="0" timestamp="2021-04-22T14:06:52 IST" time="16.135" errors="0">
  <testcase name="demo" time="16.135" classname="swa.practo.AppTest"/>
  <system-out/>
</testsuite> <!-- swa.practo.AppTest -->
